e:\works\c++\stc\stc\debug\vc140.pdb
e:\works\c++\stc\stc\debug\source.obj
e:\works\c++\stc\stc\debug\run.obj
e:\works\c++\stc\stc\debug\painting.obj
e:\works\c++\stc\stc\debug\.netframework,version=v4.5.2.assemblyattributes.obj
e:\works\c++\stc\stc\debug\.netframework,version=v4.5.2.assemblyattributes.asm
e:\works\c++\stc\stc\debug\stc.vcxprojresolveassemblyreference.cache
e:\works\c++\stc\debug\stc.pdb
e:\works\c++\stc\stc\debug\stc.tlog\cl.command.1.tlog
e:\works\c++\stc\stc\debug\stc.tlog\cl.read.1.tlog
e:\works\c++\stc\stc\debug\stc.tlog\cl.write.1.tlog
e:\works\c++\stc\stc\debug\stc.tlog\link.13124.9040-cvtres.read.1.tlog
e:\works\c++\stc\stc\debug\stc.tlog\link.13124.9040-cvtres.write.1.tlog
e:\works\c++\stc\stc\debug\stc.tlog\link.13124.9040-rc.read.1.tlog
e:\works\c++\stc\stc\debug\stc.tlog\link.13124.9040-rc.write.1.tlog
e:\works\c++\stc\stc\debug\stc.tlog\link.13124.9040.read.1.tlog
e:\works\c++\stc\stc\debug\stc.tlog\link.13124.9040.write.1.tlog
e:\works\c++\stc\stc\debug\stc.tlog\link.13124.read.1.tlog
e:\works\c++\stc\stc\debug\stc.tlog\link.13124.write.1.tlog
e:\works\c++\stc\stc\debug\stc.tlog\link.command.1.tlog
e:\works\c++\stc\stc\debug\stc.tlog\link.read.1.tlog
e:\works\c++\stc\stc\debug\stc.tlog\link.write.1.tlog
e:\works\c++\stc\stc\debug\stc.tlog\metagen.read.1.tlog
e:\works\c++\stc\stc\debug\stc.tlog\metagen.write.1.tlog
e:\works\c++\stc\stc\debug\stc.tlog\tzres.dll.bi
